16:33:10->鲜|鲜|{"success":true,"code":"000000"}  
16:33:10->高平|高平|{"success":true,"code":"000000"}  
16:33:11->TIGER|TIGER|{"success":true,"code":"000000"}  
16:33:11->Jas☆丹|Jas☆丹|{"success":true,"code":"000000"}  
16:33:11->Day~|Day~|{"success":true,"code":"000000"}  
16:33:12->innerpeace|innerpeace|{"success":true,"code":"000000"}  
16:33:12->？﹏Уоуо？？|？﹏Уоуо？？|{"success":true,"code":"000000"}  
16:33:13->猫爪子|猫爪子|{"success":true,"code":"000000"}  
16:33:13->Miki|Miki|{"success":true,"code":"000000"}  
16:33:14->Arno|Arno|{"success":true,"code":"000000"}  
16:33:14->赵砚|赵砚|{"success":true,"code":"000000"}  
16:33:14->杜晓阳|杜晓阳|{"success":true,"code":"000000"}  
16:33:15->刘丹|刘丹|{"success":true,"code":"000000"}  
16:33:15->孙璆|孙璆|{"success":true,"code":"000000"}  
16:33:16->猴子|猴子|{"success":true,"code":"000000"}  
16:33:16->harris黄|harris黄|{"success":true,"code":"000000"}  
16:33:16->Jessie|Jessie|{"success":true,"code":"000000"}  
16:33:17->yul|yul|{"success":true,"code":"000000"}  
16:33:18->Skyroll水库对面坡高头的那个娃儿|Skyroll水库对面坡高头的那个娃儿|{"success":true,"code":"000000"}  
16:33:19->抹茶daddy|抹茶daddy|{"success":true,"code":"000000"}  
16:33:19->长枪之王|长枪之王|{"success":true,"code":"000000"}  
16:33:20->蒋永红|蒋永红|{"success":true,"code":"000000"}  
16:33:20->jeffrey|jeffrey|{"success":true,"code":"000000"}  
16:33:21->丁鹏|丁鹏|{"success":true,"code":"000000"}  
16:33:21->payney|payney|{"success":true,"code":"000000"}  
16:33:21->雨田|雨田|{"success":true,"code":"000000"}  
16:33:22->MQ|MQ|{"success":true,"code":"000000"}  
16:33:22->Sunrise|Sunrise|{"success":true,"code":"000000"}  
16:33:23->曹春柳|曹春柳|{"success":true,"code":"000000"}  
16:33:23->清清山泉|清清山泉|{"success":true,"code":"000000"}  
16:33:23->夜行路|夜行路|{"success":true,"code":"000000"}  
16:33:24->Tony|Tony|{"success":true,"code":"000000"}  
16:33:24->渐行渐远|渐行渐远|{"success":true,"code":"000000"}  
16:33:25->zoe|zoe|{"success":true,"code":"000000"}  
16:33:25->墨隋|墨隋|{"success":true,"code":"000000"}  
16:33:25->萌呆|萌呆|{"success":true,"code":"000000"}  
16:33:26->WMJ|WMJ|{"success":true,"code":"000000"}  
16:33:26->郑鹏|郑鹏|{"success":true,"code":"000000"}  
16:33:27->陈洁|陈洁|{"success":true,"code":"000000"}  
16:33:27->apple|apple|{"success":true,"code":"000000"}  
16:33:27->天天天天|天天天天|{"success":true,"code":"000000"}  
16:33:28->和自己赛跑|和自己赛跑|{"success":true,"code":"000000"}  
16:33:28->王小强|王小强|{"success":true,"code":"000000"}  
16:33:29->BP|BP|{"success":true,"code":"000000"}  
16:33:29->丽家朱峰|丽家朱峰|{"success":true,"code":"000000"}  
16:33:30->铁|铁|{"success":true,"code":"000000"}  
16:33:30->Felix ？？？？|Felix ？？？？|{"success":true,"code":"000000"}  
16:33:31->战神|战神|{"success":true,"code":"000000"}  
16:33:31->山鲁佐德 抽刀断水水不留|山鲁佐德 抽刀断水水不留|{"success":true,"code":"000000"}  
16:33:32->？？？？？？|？？？？？？|{"success":true,"code":"000000"}  
16:33:32->愚者无疆|愚者无疆|{"success":true,"code":"000000"}  
16:33:33->查查amber|查查amber|{"success":true,"code":"000000"}  
16:33:33->复冰雨诀|复冰雨诀|{"success":true,"code":"000000"}  
16:33:33->KIESEL2？1？|KIESEL2？1？|{"success":true,"code":"000000"}  
16:33:34->林鹏|林鹏|{"success":true,"code":"000000"}  
16:33:34->忆~陨寂|忆~陨寂|{"success":true,"code":"000000"}  
16:33:35->/得意上天入地余小宝|/得意上天入地余小宝|{"success":true,"code":"000000"}  
16:33:35->徐伟|徐伟|{"success":true,"code":"000000"}  
16:33:36->freedom|freedom|{"success":true,"code":"000000"}  
16:33:36->X|X|{"success":true,"code":"000000"}  
16:33:37->周丽|周丽|{"success":true,"code":"000000"}  
16:33:37->啊哈|啊哈|{"success":true,"code":"000000"}  
16:33:38->德万克轴承|德万克轴承|{"success":true,"code":"000000"}  
16:33:38->July|July|{"success":true,"code":"000000"}  
16:33:38->芳芳|芳芳|{"success":true,"code":"000000"}  
16:33:39->豆浆油条|豆浆油条|{"success":true,"code":"000000"}  
16:33:39->刘明俊|刘明俊|{"success":true,"code":"000000"}  
16:33:40->邓亮|邓亮|{"success":true,"code":"000000"}  
16:33:40->郝瑾|郝瑾|{"success":true,"code":"000000"}  
16:33:41->Deux|Deux|{"success":true,"code":"000000"}  
16:33:41->truennfan|truennfan|{"success":true,"code":"000000"}  
16:33:41->WadeZhang|WadeZhang|{"success":true,"code":"000000"}  
16:33:42->张林辉|张林辉|{"success":true,"code":"000000"}  
16:33:42->豆妈|豆妈|{"success":true,"code":"000000"}  
16:33:43->故乡的云|故乡的云|{"success":true,"code":"000000"}  
16:33:43->达达(St？ll？)妈妈？？|达达(St？ll？)妈妈？？|{"success":true,"code":"000000"}  
16:33:44->？？Elaine|？？Elaine|{"success":true,"code":"000000"}  
16:33:44->邵文熙|邵文熙|{"success":true,"code":"000000"}  
16:33:44->啸|啸|{"success":true,"code":"000000"}  
16:33:45->杜瓊|杜瓊|{"success":true,"code":"000000"}  
16:33:45->日月同新|日月同新|{"success":true,"code":"000000"}  
16:33:46-> 御坂美琴子| 御坂美琴子|{"success":true,"code":"000000"}  
16:33:46->郭达|郭达|{"success":true,"code":"000000"}  
16:33:47->汪斌|汪斌|{"success":true,"code":"000000"}  
16:33:47->克鲁索巴鲁|克鲁索巴鲁|{"success":true,"code":"000000"}  
16:33:48->王烨|王烨|{"success":true,"code":"000000"}  
16:33:48->tasu|tasu|{"success":true,"code":"000000"}  
16:33:49->Eric_Song|Eric_Song|{"success":true,"code":"000000"}  
16:33:49->管小河|管小河|{"success":true,"code":"000000"}  
16:33:50->风|风|{"success":true,"code":"000000"}  
16:33:50->kangkang|kangkang|{"success":true,"code":"000000"}  
16:33:51->镇|镇|{"success":true,"code":"000000"}  
16:33:52->远方|远方|{"success":true,"code":"000000"}  
16:33:53->李思齐|李思齐|{"success":true,"code":"000000"}  
16:33:53->李涛|李涛|{"success":true,"code":"000000"}  
16:33:53->裸男一族|裸男一族|{"success":true,"code":"000000"}  
16:33:54->大林 |大林 |{"success":true,"code":"000000"}  
16:33:54->King|King|{"success":true,"code":"000000"}  
16:33:55->David Young |David Young |{"success":true,"code":"000000"}  
16:33:55->zhuwl|zhuwl|{"success":true,"code":"000000"}  
16:33:56->Rui|Rui|{"success":true,"code":"000000"}  
16:33:56->danielin|danielin|{"success":true,"code":"000000"}  
16:33:56->胡敏|胡敏|{"success":true,"code":"000000"}  
16:33:57->顾希|顾希|{"success":true,"code":"000000"}  
16:33:57->鸣潮|鸣潮|{"success":true,"code":"000000"}  
16:33:58->Yan？？？？？？～～|Yan？？？？？？～～|{"success":true,"code":"000000"}  
16:33:58->丁凤波|丁凤波|{"success":true,"code":"000000"}  
16:33:58->刘杰|刘杰|{"success":true,"code":"000000"}  
16:33:59->李继伟|李继伟|{"success":true,"code":"000000"}  
16:33:59->小？？|小？？|{"success":true,"code":"000000"}  
16:34:00->丹|丹|{"success":true,"code":"000000"}  
16:34:00->周小米 ？|周小米 ？|{"success":true,"code":"000000"}  
16:34:01->屿山村民|屿山村民|{"success":true,"code":"000000"}  
16:34:01->一定要淡定|一定要淡定|{"success":true,"code":"000000"}  
16:34:01->薛|薛|{"success":true,"code":"000000"}  
16:34:02->十五|十五|{"success":true,"code":"000000"}  
16:34:02->孙谱？？？？？？？？？|孙谱？？？？？？？？？|{"success":true,"code":"000000"}  
16:34:03->o小白胖子o|o小白胖子o|{"success":true,"code":"000000"}  
16:34:03->赵杰|赵杰|{"success":true,"code":"000000"}  
16:34:03->辛|辛|{"success":true,"code":"000000"}  
16:34:04->無名|無名|{"success":true,"code":"000000"}  
16:34:04->BERLIN|BERLIN|{"success":true,"code":"000000"}  
16:34:05->ABeD|ABeD|{"success":true,"code":"000000"}  
16:34:05->无间行者|无间行者|{"success":true,"code":"000000"}  
16:34:06->风之云想|风之云想|{"success":true,"code":"000000"}  
16:34:06->卡拉赫斯特|卡拉赫斯特|{"success":true,"code":"000000"}  
16:34:07->林东宇|林东宇|{"success":true,"code":"000000"}  
16:34:07->倪小辉|倪小辉|{"success":true,"code":"000000"}  
16:34:07->hxg|hxg|{"success":true,"code":"000000"}  
16:34:08->YI|YI|{"success":true,"code":"000000"}  
16:34:08->平心静气|平心静气|{"success":true,"code":"000000"}  
16:34:09->邹根|邹根|{"success":true,"code":"000000"}  
16:34:09->杨毅斌本尊|杨毅斌本尊|{"success":true,"code":"000000"}  
16:34:10->小弓虽|小弓虽|{"success":true,"code":"000000"}  
16:34:10->荣大海|荣大海|{"success":true,"code":"000000"}  
16:34:10->幽灵|幽灵|{"success":true,"code":"000000"}  
16:34:11->晶城珠宝|晶城珠宝|{"success":true,"code":"000000"}  
16:34:11->wendy|wendy|{"success":true,"code":"000000"}  
16:34:12->麦田麦兜|麦田麦兜|{"success":true,"code":"000000"}  
16:34:12->张大跑|张大跑|{"success":true,"code":"000000"}  
16:34:12->Wesley鹿骋|Wesley鹿骋|{"success":true,"code":"000000"}  
16:34:13->iVintage|iVintage|{"success":true,"code":"000000"}  
16:34:13->maverick|maverick|{"success":true,"code":"000000"}  
16:34:14->今天|今天|{"success":true,"code":"000000"}  
16:34:14->栗子周|栗子周|{"success":true,"code":"000000"}  
16:34:14->夏潇阳 | 阳阳猪|夏潇阳 | 阳阳猪|{"success":true,"code":"000000"}  
16:34:15->师树萌|师树萌|{"success":true,"code":"000000"}  
16:34:15->QUAN|QUAN|{"success":true,"code":"000000"}  
16:34:16->海龙|海龙|{"success":true,"code":"000000"}  
16:34:16->张星|张星|{"success":true,"code":"000000"}  
16:34:16->Eason|Eason|{"success":true,"code":"000000"}  
16:34:17->Fr@nk|Fr@nk|{"success":true,"code":"000000"}  
16:34:18->漂过的椰子|漂过的椰子|{"success":true,"code":"000000"}  
16:34:18->土土|土土|{"success":true,"code":"000000"}  
16:34:19->Lee|Lee|{"success":true,"code":"000000"}  
16:34:19->李明|李明|{"success":true,"code":"000000"}  
16:34:20->石全|石全|{"success":true,"code":"000000"}  
16:34:20->虎叔|虎叔|{"success":true,"code":"000000"}  
16:34:20->Hilland|Hilland|{"success":true,"code":"000000"}  
16:34:21->武Crystal |武Crystal |{"success":true,"code":"000000"}  
16:34:21->侯？？|侯？？|{"success":true,"code":"000000"}  
16:34:22->程薪|程薪|{"success":true,"code":"000000"}  
16:34:22->roy370300|roy370300|{"success":true,"code":"000000"}  
16:34:23->？？cassie？|？？cassie？|{"success":true,"code":"000000"}  
16:34:23->凉白开|凉白开|{"success":true,"code":"000000"}  
16:34:28->Mr.沈|Mr.沈|{"success":true,"code":"000000"}  
16:34:28->痴娃说梦|痴娃说梦|{"success":true,"code":"000000"}  
16:34:29->娄圣睿|娄圣睿|{"success":true,"code":"000000"}  
16:34:29->奎克色特|奎克色特|{"success":true,"code":"000000"}  
16:34:29->Laura|Laura|{"success":true,"code":"000000"}  
16:34:30->開伈絕懟|開伈絕懟|{"success":true,"code":"000000"}  
16:34:30->沈加|沈加|{"success":true,"code":"000000"}  
16:34:31->俊|俊|{"success":true,"code":"000000"}  
16:34:31->苹果吃我|苹果吃我|{"success":true,"code":"000000"}  
16:34:32->明天|明天|{"success":true,"code":"000000"}  
16:34:32->Dale|Dale|{"success":true,"code":"000000"}  
16:34:32->Gogi|Gogi|{"success":true,"code":"000000"}  
16:34:33->尹茂新|尹茂新|{"success":true,"code":"000000"}  
16:34:33->刘靖|刘靖|{"success":true,"code":"000000"}  
16:34:34->李煜|李煜|{"success":true,"code":"000000"}  
16:34:34->豆浆油条|豆浆油条|{"success":true,"code":"000000"}  
16:34:34->Derek Huang|Derek Huang|{"success":true,"code":"000000"}  
16:34:35->y.7|y.7|{"success":true,"code":"000000"}  
16:34:36->我不知道风|我不知道风|{"success":true,"code":"000000"}  
16:34:36->？？|？？|{"success":true,"code":"000000"}  
16:34:36->小囧|小囧|{"success":true,"code":"000000"}  
16:34:37->大白兔奶唐|大白兔奶唐|{"success":true,"code":"000000"}  
16:34:37->花心太郎|花心太郎|{"success":true,"code":"000000"}  
16:34:38->Robbie Zhao ZYJ|Robbie Zhao ZYJ|{"success":true,"code":"000000"}  
16:34:38->coolair|coolair|{"success":true,"code":"000000"}  
16:34:39->越过山丘|越过山丘|{"success":true,"code":"000000"}  
16:34:39->宝宝树|宝宝树|{"success":true,"code":"000000"}  
16:34:39->听风 闻雨|听风 闻雨|{"success":true,"code":"000000"}  
16:34:40->梁楠|梁楠|{"success":true,"code":"000000"}  
16:34:40->王帅|王帅|{"success":true,"code":"000000"}  
16:34:41->龙翔天地|龙翔天地|{"success":true,"code":"000000"}  
16:34:41->小A|小A|{"success":true,"code":"000000"}  
16:34:42->邹红果|邹红果|{"success":true,"code":"000000"}  
16:34:42->郑波|郑波|{"success":true,"code":"000000"}  
16:34:42->华仔|华仔|{"success":true,"code":"000000"}  
16:34:43->gunz|gunz|{"success":true,"code":"000000"}  
16:34:45->赵亚新|赵亚新|{"success":true,"code":"000000"}  
16:34:45->张辉|张辉|{"success":true,"code":"000000"}  
16:34:45->一杯阳光|一杯阳光|{"success":true,"code":"000000"}  
16:34:46->Mischa|Mischa|{"success":true,"code":"000000"}  
16:34:46->吕顺辉|吕顺辉|{"success":true,"code":"000000"}  
16:34:47->阵容强大|阵容强大|{"success":true,"code":"000000"}  
16:34:47->abby|abby|{"success":true,"code":"000000"}  
16:34:47->DUIM|DUIM|{"success":true,"code":"000000"}  
16:34:48->徐小鑫|徐小鑫|{"success":true,"code":"000000"}  
16:34:48->yunashao|yunashao|{"success":true,"code":"000000"}  
16:34:49->林|林|{"success":true,"code":"000000"}  
16:34:49->zheng|zheng|{"success":true,"code":"000000"}  
16:34:49->梦里花落知多少|梦里花落知多少|{"success":true,"code":"000000"}  
16:34:50->小强|小强|{"success":true,"code":"000000"}  
16:34:50->鼠胆匪？1|鼠胆匪？1|{"success":true,"code":"000000"}  
16:34:51->布丁？？？-？？？|布丁？？？-？？？|{"success":true,"code":"000000"}  
16:34:51->hey jacky|hey jacky|{"success":true,"code":"000000"}  
16:34:51->进取|进取|{"success":true,"code":"000000"}  
16:34:52->mushroomshi|mushroomshi|{"success":true,"code":"000000"}  
16:34:52->多妈|多妈|{"success":true,"code":"000000"}  
16:34:53->雨中漫步|雨中漫步|{"success":true,"code":"000000"}  
16:34:53->Mr. Tan|Mr. Tan|{"success":true,"code":"000000"}  
16:34:54->多多|多多|{"success":true,"code":"000000"}  
16:34:54->moon|moon|{"success":true,"code":"000000"}  
16:34:54->twintiger|twintiger|{"success":true,"code":"000000"}  
16:34:55->天亮说晚安|天亮说晚安|{"success":true,"code":"000000"}  
16:34:55->Mn|Mn|{"success":true,"code":"000000"}  
16:34:56->励俊|励俊|{"success":true,"code":"000000"}  
16:34:56->elaine|elaine|{"success":true,"code":"000000"}  
16:34:57->LYX|LYX|{"success":true,"code":"000000"}  
16:34:57->hp|hp|{"success":true,"code":"000000"}  
16:34:58->风不会停息|风不会停息|{"success":true,"code":"000000"}  
16:34:58->于海朝|于海朝|{"success":true,"code":"000000"}  
16:34:59->felylee|felylee|{"success":true,"code":"000000"}  
16:34:59->mountain|mountain|{"success":true,"code":"000000"}  
16:34:59->张鹏|张鹏|{"success":true,"code":"000000"}  
16:35:00->WEI|WEI|{"success":true,"code":"000000"}  
16:35:00->焦一碗|焦一碗|{"success":true,"code":"000000"}  
16:35:01->Bob.O|Bob.O|{"success":true,"code":"000000"}  
16:35:01->李培超|李培超|{"success":true,"code":"000000"}  
16:35:02->dang|dang|{"success":true,"code":"000000"}  
16:35:02->帥寶|帥寶|{"success":true,"code":"000000"}  
16:35:02->Yan Luo|Yan Luo|{"success":true,"code":"000000"}  
16:35:03->Missssss_Jiao|Missssss_Jiao|{"success":true,"code":"000000"}  
16:35:03->Michael|Michael|{"success":true,"code":"000000"}  
16:35:04->王晓纯|王晓纯|{"success":true,"code":"000000"}  
16:35:04->风飞扬|风飞扬|{"success":true,"code":"000000"}  
16:35:04->莫|莫|{"success":true,"code":"000000"}  
16:35:05->Christy|Christy|{"success":true,"code":"000000"}  
16:35:05->冯|冯|{"success":true,"code":"000000"}  
16:35:06->Roger陈琤|Roger陈琤|{"success":true,"code":"000000"}  
16:35:06->我想我是海|我想我是海|{"success":true,"code":"000000"}  
16:35:06->王波_Max|王波_Max|{"success":true,"code":"000000"}  
16:35:07->LIU JUN|LIU JUN|{"success":true,"code":"000000"}  
16:35:07->小猫|小猫|{"success":true,"code":"000000"}  
16:35:08->杏色琉绫|杏色琉绫|{"success":true,"code":"000000"}  
16:35:08->陈朴|陈朴|{"success":true,"code":"000000"}  
16:35:08->杨珏明|杨珏明|{"success":true,"code":"000000"}  
16:35:09->田野流星|田野流星|{"success":true,"code":"000000"}  
16:35:09->李瑞敏|李瑞敏|{"success":true,"code":"000000"}  
16:35:10->C.FanX|C.FanX|{"success":true,"code":"000000"}  
16:35:10->pipisoso|pipisoso|{"success":true,"code":"000000"}  
16:35:10->Steven|Steven|{"success":true,"code":"000000"}  
16:35:11->stefanie|stefanie|{"success":true,"code":"000000"}  
16:35:11->小磊|小磊|{"success":true,"code":"000000"}  
16:35:12->老虎|老虎|{"success":true,"code":"000000"}  
16:35:12->龚文 ？？|龚文 ？？|{"success":true,"code":"000000"}  
16:35:12->韦民|韦民|{"success":true,"code":"000000"}  
16:35:13->胡英杰|胡英杰|{"success":true,"code":"000000"}  
16:35:13->Peng.Xin|Peng.Xin|{"success":true,"code":"000000"}  
16:35:14->小菜|小菜|{"success":true,"code":"000000"}  
16:35:14->喻正浩|喻正浩|{"success":true,"code":"000000"}  
16:35:14->蔡立萍|蔡立萍|{"success":true,"code":"000000"}  
16:35:15->郝鹏|郝鹏|{"success":true,"code":"000000"}  
16:35:15->星羽天晨|星羽天晨|{"success":true,"code":"000000"}  
16:35:16->Joey|Joey|{"success":true,"code":"000000"}  
16:35:16->般若|般若|{"success":true,"code":"000000"}  
16:35:17->Cyan|Cyan|{"success":true,"code":"000000"}  
16:35:17->猜不透de小吃货|猜不透de小吃货|{"success":true,"code":"000000"}  
16:35:17->songjie|songjie|{"success":true,"code":"000000"}  
16:35:18->Kevin.Chen|Kevin.Chen|{"success":true,"code":"000000"}  
16:35:18->LS SHI|LS SHI|{"success":true,"code":"000000"}  
16:35:19->祁滢宇|祁滢宇|{"success":true,"code":"000000"}  
16:35:19->卡布他哥|卡布他哥|{"success":true,"code":"000000"}  
16:35:19->阿然|阿然|{"success":true,"code":"000000"}  
16:35:20->浩|浩|{"success":true,"code":"000000"}  
16:35:20->臭小子！|臭小子！|{"success":true,"code":"000000"}  
16:35:21->SoLonG|SoLonG|{"success":true,"code":"000000"}  
16:35:21->AAA|AAA|{"success":true,"code":"000000"}  
16:35:21->永红|永红|{"success":true,"code":"000000"}  
16:35:22->tz|tz|{"success":true,"code":"000000"}  
16:35:22->笑一个|笑一个|{"success":true,"code":"000000"}  
16:35:23->枫叶|枫叶|{"success":true,"code":"000000"}  
16:35:23->XUY|XUY|{"success":true,"code":"000000"}  
16:35:23->vivian|vivian|{"success":true,"code":"000000"}  
16:35:24->Comesue|Comesue|{"success":true,"code":"000000"}  
16:35:24->班长来了|班长来了|{"success":true,"code":"000000"}  
16:35:25->？？贝妈？？|？？贝妈？？|{"success":true,"code":"000000"}  
16:35:25->纪威|纪威|{"success":true,"code":"000000"}  
16:35:26->Alex|Alex|{"success":true,"code":"000000"}  
16:35:26->李滨|李滨|{"success":true,"code":"000000"}  
16:35:27->QQ|QQ|{"success":true,"code":"000000"}  
16:35:27->微信痴汉|微信痴汉|{"success":true,"code":"000000"}  
16:35:27->田玉河|田玉河|{"success":true,"code":"000000"}  
16:35:28->王涛|王涛|{"success":true,"code":"000000"}  
16:35:28->张恋|张恋|{"success":true,"code":"000000"}  
16:35:29->WEI？？|WEI？？|{"success":true,"code":"000000"}  
16:35:29->@here|@here|{"success":true,"code":"000000"}  
16:35:29->andy|andy|{"success":true,"code":"000000"}  
16:35:30->弦音|弦音|{"success":true,"code":"000000"}  
16:35:30->Ling|Ling|{"success":true,"code":"000000"}  
16:35:31->周梦|周梦|{"success":true,"code":"000000"}  
16:35:31->月下独饮|月下独饮|{"success":true,"code":"000000"}  
16:35:31->晴天小顾|晴天小顾|{"success":true,"code":"000000"}  
16:35:32->月光下的桥|月光下的桥|{"success":true,"code":"000000"}  
16:35:32->龚玫|龚玫|{"success":true,"code":"000000"}  
16:35:33->明月|明月|{"success":true,"code":"000000"}  
16:35:33->土豆|土豆|{"success":true,"code":"000000"}  
16:35:34->疯狂戴夫|疯狂戴夫|{"success":true,"code":"000000"}  
16:35:34->云天|云天|{"success":true,"code":"000000"}  
16:35:34->杨剑|杨剑|{"success":true,"code":"000000"}  
16:35:35->李娜|李娜|{"success":true,"code":"000000"}  
16:35:35->许_Aries|许_Aries|{"success":true,"code":"000000"}  
16:35:36->不知道|不知道|{"success":true,"code":"000000"}  
16:35:36->  Yvonne |  Yvonne |{"success":true,"code":"000000"}  
16:35:36->大耳多77 ？？？？？？|大耳多77 ？？？？？？|{"success":true,"code":"000000"}  
16:35:37->舍瓦核弹头|舍瓦核弹头|{"success":true,"code":"000000"}  
16:35:37->C.T|C.T|{"success":true,"code":"000000"}  
16:35:38->Q|Q|{"success":true,"code":"000000"}  
16:35:38->奕小桥|奕小桥|{"success":true,"code":"000000"}  
16:35:38->于盈军|于盈军|{"success":true,"code":"000000"}  
16:35:39->吴素桦|吴素桦|{"success":true,"code":"000000"}  
16:35:39->小白|小白|{"success":true,"code":"000000"}  
16:35:40->Niko Zhao_赵亮|Niko Zhao_赵亮|{"success":true,"code":"000000"}  
16:35:40->黄斌|黄斌|{"success":true,"code":"000000"}  
16:35:41->东篱采菊|东篱采菊|{"success":true,"code":"000000"}  
16:35:41->Running|Running|{"success":true,"code":"000000"}  
16:35:41->天堂风走|天堂风走|{"success":true,"code":"000000"}  
16:35:42->米兰达|米兰达|{"success":true,"code":"000000"}  
16:35:42->小医生|小医生|{"success":true,"code":"000000"}  
16:35:43->Cass|Cass|{"success":true,"code":"000000"}  
16:35:43->Mr.Paul|Mr.Paul|{"success":true,"code":"000000"}  
16:35:43->hsl|hsl|{"success":true,"code":"000000"}  
16:35:44->大侠好眼力|大侠好眼力|{"success":true,"code":"000000"}  
16:35:44->无|无|{"success":true,"code":"000000"}  
16:35:45->王健|王健|{"success":true,"code":"000000"}  
16:35:45->nemhero|nemhero|{"success":true,"code":"000000"}  
16:35:45->Liu Jing|Liu Jing|{"success":true,"code":"000000"}  
16:35:46->高飞|高飞|{"success":true,"code":"000000"}  
16:35:46->研|研|{"success":true,"code":"000000"}  
16:35:47->彬哥|彬哥|{"success":true,"code":"000000"}  
16:35:47->alex|alex|{"success":true,"code":"000000"}  
16:35:47->turbo@smth|turbo@smth|{"success":true,"code":"000000"}  
16:35:48->Longo|Longo|{"success":true,"code":"000000"}  
16:35:48->jnbilly|jnbilly|{"success":true,"code":"000000"}  
16:35:49->余璐|余璐|{"success":true,"code":"000000"}  
16:35:49->yin_gs|yin_gs|{"success":true,"code":"000000"}  
16:35:50->明强|明强|{"success":true,"code":"000000"}  
16:35:50->MY|MY|{"success":true,"code":"000000"}  
16:35:51->wanglin|wanglin|{"success":true,"code":"000000"}  
16:35:51->Tycoon|Tycoon|{"success":true,"code":"000000"}  
16:35:52->张宇翔|张宇翔|{"success":true,"code":"000000"}  
16:35:53->刘鹏|刘鹏|{"success":true,"code":"000000"}  
16:35:54->贾琪明|贾琪明|{"success":true,"code":"000000"}  
16:35:54->Songlin|Songlin|{"success":true,"code":"000000"}  
16:35:55->xuefei|xuefei|{"success":true,"code":"000000"}  
16:35:55->燕银土方车|燕银土方车|{"success":true,"code":"000000"}  
16:35:55->火焰下的冰川|火焰下的冰川|{"success":true,"code":"000000"}  
16:35:56->QZ|QZ|{"success":true,"code":"000000"}  
16:35:56->朱小燕|朱小燕|{"success":true,"code":"000000"}  
16:35:57->basten(许欢)|basten(许欢)|{"success":true,"code":"000000"}  
16:35:57->voo|voo|{"success":true,"code":"000000"}  
16:35:57->vv高|vv高|{"success":true,"code":"000000"}  
16:35:58->赵忠|赵忠|{"success":true,"code":"000000"}  
16:35:58->高怡|高怡|{"success":true,"code":"000000"}  
16:35:59->张宇|张宇|{"success":true,"code":"000000"}  
16:35:59->丁庆|丁庆|{"success":true,"code":"000000"}  
16:35:59->阳光|阳光|{"success":true,"code":"000000"}  
16:36:00->焱|焱|{"success":true,"code":"000000"}  
16:36:00->郭亦欣|郭亦欣|{"success":true,"code":"000000"}  
16:36:01->薛维平|薛维平|{"success":true,"code":"000000"}  
16:36:01->Hunter|Hunter|{"success":true,"code":"000000"}  
16:36:01->melodyyc？？|melodyyc？？|{"success":true,"code":"000000"}  
16:36:02->南朋友|南朋友|{"success":true,"code":"000000"}  
16:36:02->仕杰|仕杰|{"success":true,"code":"000000"}  
16:36:03->位子|位子|{"success":true,"code":"000000"}  
16:36:03->黑雪|黑雪|{"success":true,"code":"000000"}  
16:36:03->Michael Chen|Michael Chen|{"success":true,"code":"000000"}  
16:36:04->孙群|孙群|{"success":true,"code":"000000"}  
16:36:04->？？？？？？|？？？？？？|{"success":true,"code":"000000"}  
16:36:05->毛球控|毛球控|{"success":true,"code":"000000"}  
16:36:05->郝强|郝强|{"success":true,"code":"000000"}  
16:36:05->石磊|石磊|{"success":true,"code":"000000"}  
16:36:06->Xiang Heng|Xiang Heng|{"success":true,"code":"000000"}  
16:36:06->傅炜|傅炜|{"success":true,"code":"000000"}  
16:36:07->北京大豆子|北京大豆子|{"success":true,"code":"000000"}  
16:36:07->王岩|王岩|{"success":true,"code":"000000"}  
16:36:07->李晓楠|李晓楠|{"success":true,"code":"000000"}  
16:36:08->东旭|东旭|{"success":true,"code":"000000"}  
16:36:08->安安？？|安安？？|{"success":true,"code":"000000"}  
16:36:09->孙振年|孙振年|{"success":true,"code":"000000"}  
16:36:09->丁猛|丁猛|{"success":true,"code":"000000"}  
16:36:09->cced|cced|{"success":true,"code":"000000"}  
16:36:10->蛮|蛮|{"success":true,"code":"000000"}  
16:36:10->海星贝尔|海星贝尔|{"success":true,"code":"000000"}  
16:36:11->沈航|沈航|{"success":true,"code":"000000"}  
16:36:11->黑人郑斌|黑人郑斌|{"success":true,"code":"000000"}  
16:36:11->炫彩（周燕）|炫彩（周燕）|{"success":true,"code":"000000"}  
16:36:12->东|东|{"success":true,"code":"000000"}  
16:36:12->Jessy|Jessy|{"success":true,"code":"000000"}  
16:36:13->良辰美景|良辰美景|{"success":true,"code":"000000"}  
16:36:13->Simon Jin|Simon Jin|{"success":true,"code":"000000"}  
16:36:14->Smily|Smily|{"success":true,"code":"000000"}  
16:36:14->lily|lily|{"success":true,"code":"000000"}  
16:36:14->宏旺盛科技-Ron|宏旺盛科技-Ron|{"success":true,"code":"000000"}  
08:42:06->SESSION=76daa2b0-2208-4d91-9ff3-532cff8c77c2; _pk_id.1.f11c=97883cbef553ea89.1523399493.1.1523399496.1523399493.; _pk_ses.1.f11c=*  
08:42:07->bunny|373498921|{"success":true,"code":"000000"}  
08:42:07->徐丽梅|373498416|{"success":true,"code":"000000"}  
08:42:08->京多安？|374807551|{"success":true,"code":"000000"}  
08:42:08->Martha|374757483|{"success":true,"code":"000000"}  
08:42:09->布丁|372236289|{"success":true,"code":"000000"}  
08:42:09->Danny|373401957|{"success":true,"code":"000000"}  
08:42:09->gander12|372232736|{"success":true,"code":"000000"}  
08:42:10->西里糊涂|372232739|{"success":true,"code":"000000"}  
08:42:11->zhanghang|372232464|{"success":true,"code":"000000"}  
08:42:11->xenophobe|372232465|{"success":true,"code":"000000"}  
08:42:11->这货不是龙龙|373359567|{"success":true,"code":"000000"}  
08:42:12->小磊|374710491|{"success":true,"code":"000000"}  
08:42:12->吴晓波|373311973|{"success":true,"code":"000000"}  
08:42:13->tianso|374664014|{"success":true,"code":"000000"}  
08:42:13->白石楠|373308134|{"success":true,"code":"000000"}  
08:42:13->zz|374618015|{"success":true,"code":"000000"}  
08:42:14->李瑞敏|374618112|{"success":true,"code":"000000"}  
08:42:14->秒速五厘米|373261345|{"success":true,"code":"000000"}  
08:42:15->TommyZ|373214654|{"success":true,"code":"000000"}  
08:42:15->stone|373214699|{"success":true,"code":"000000"}  
08:42:16->o小白胖子o|372046219|{"success":true,"code":"000000"}  
08:42:16->许泽民|374528984|{"success":true,"code":"000000"}  
08:42:16->裸男一族|373168464|{"success":true,"code":"000000"}  
08:42:17->波澜|373168087|{"success":true,"code":"000000"}  
08:42:17->gaz|374481943|{"success":true,"code":"000000"}  
08:42:18->绊|374478464|{"success":true,"code":"000000"}  
08:42:18->tedwhy|374482475|{"success":true,"code":"000000"}  
08:42:19->小熊|374482538|{"success":true,"code":"000000"}  
08:42:19->ll|374431733|{"success":true,"code":"000000"}  
08:42:20->鲁瑞超Richard|373080126|{"success":true,"code":"000000"}  
08:42:21->肖晓玲|374387858|{"success":true,"code":"000000"}  
08:42:21->Andy|373028803|{"success":true,"code":"000000"}  
08:42:22->南溟|373032594|{"success":true,"code":"000000"}  
08:42:23->辉|373032771|{"success":true,"code":"000000"}  
08:42:23->喵喵喵|372985094|{"success":true,"code":"000000"}  
08:42:24->兰宗敏|374337950|{"success":true,"code":"000000"}  
08:42:24->戴威|372981350|{"success":true,"code":"000000"}  
08:42:25->P P|372939166|{"success":true,"code":"000000"}  
08:42:26->蔡|374247678|{"success":true,"code":"000000"}  
08:42:27->尹凯平|374243911|{"success":true,"code":"000000"}  
08:42:28->大秦|374200489|{"success":true,"code":"000000"}  
08:42:28->杰|374201606|{"success":true,"code":"000000"}  
08:42:29->沐文|374197316|{"success":true,"code":"000000"}  
08:42:29->耳东|372844608|{"success":true,"code":"000000"}  
08:42:30->zhen|372840545|{"success":true,"code":"000000"}  
08:42:30->o(^ω^)o|374150761|{"success":true,"code":"000000"}  
08:42:31->李雷|374150316|{"success":true,"code":"000000"}  
08:42:31->？？Stars 夏俊 ？？？|374103163|{"success":true,"code":"000000"}  
08:42:32->Jude|374103518|{"success":true,"code":"000000"}  
08:42:32->Simon|374990605|{"success":true,"code":"000000"}  
08:42:33->宋晔|372747039|{"success":true,"code":"000000"}  
08:42:33->光蛋无敌|372699588|{"success":true,"code":"000000"}  
08:42:34->Dennis|372700202|{"success":true,"code":"000000"}  
08:42:35->horse|374057036|{"success":true,"code":"000000"}  
08:42:35->梦诗轩|374056623|{"success":true,"code":"000000"}  
08:42:36->一路光明|374009805|{"success":true,"code":"000000"}  
08:42:36->xiaoshuichen|374009600|{"success":true,"code":"000000"}  
08:42:37->玄风|372143603|{"success":true,"code":"000000"}  
08:42:37->小猫|372653521|{"success":true,"code":"000000"}  
08:42:37->申|372652786|{"success":true,"code":"000000"}  
08:42:38->小宋|372139227|{"success":true,"code":"000000"}  
08:42:38->孙羽|372611182|{"success":true,"code":"000000"}  
08:42:39->？？？巭孬嫑夯？？？2o18？？|374944414|{"success":true,"code":"000000"}  
08:42:39->小凡|374948087|{"success":true,"code":"000000"}  
08:42:39->WEI|373915563|{"success":true,"code":"000000"}  
08:42:40->麟|373873296|{"success":true,"code":"000000"}  
08:42:40->Jim君|373868690|{"success":true,"code":"000000"}  
08:42:41->漂过的椰子|372514728|{"success":true,"code":"000000"}  
08:42:41->在外漂泊|372513969|{"success":true,"code":"000000"}  
08:42:41->灵貅|372472478|{"success":true,"code":"000000"}  
08:42:42->Forrest|372471622|{"success":true,"code":"000000"}  
08:42:42->warlock|372467328|{"success":true,"code":"000000"}  
08:42:43->Jennie|372467494|{"success":true,"code":"000000"}  
08:42:43->岩|373822323|{"success":true,"code":"000000"}  
08:42:43->小囧|373821980|{"success":true,"code":"000000"}  
08:42:44->Jessy|373822554|{"success":true,"code":"000000"}  
08:42:44->马霍妹|372424323|{"success":true,"code":"000000"}  
08:42:45->mailhoo|372420421|{"success":true,"code":"000000"}  
08:42:45->SagaCool|372420072|{"success":true,"code":"000000"}  
08:42:46->牛珩|372424670|{"success":true,"code":"000000"}  
08:42:46->wanghy|372373560|{"success":true,"code":"000000"}  
08:42:46->胡剑|373728915|{"success":true,"code":"000000"}  
08:42:47->鸽子|373732529|{"success":true,"code":"000000"}  
08:42:47->志昊|373728656|{"success":true,"code":"000000"}  
08:42:48->CC|372329927|{"success":true,"code":"000000"}  
08:42:48->吴禹圣|372326192|{"success":true,"code":"000000"}  
08:42:48->汪斌|372326477|{"success":true,"code":"000000"}  
08:42:49->战神|372326626|{"success":true,"code":"000000"}  
08:42:49->金枫|373592711|{"success":true,"code":"000000"}  
08:42:50->邓红波|373592759|{"success":true,"code":"000000"}  
08:42:50->柳天阳|373587786|{"success":true,"code":"000000"}  
08:42:50->高原（日出东方）|372093313|{"success":true,"code":"000000"}  
08:42:51->小楽子|372092974|{"success":true,"code":"000000"}  
08:42:51->文刂林彡|373541439|{"success":true,"code":"000000"}  
08:42:52->cat1111|374897711|{"success":true,"code":"000000"}  
08:46:26->SESSION=756997df-3431-45f1-884b-f67b9f8b162a; _pk_id.1.f11c=ccbf2e057b4de94f.1523399219.1.1523399219.1523399219.; _pk_ses.1.f11c=*  
08:46:27->crazy|374807801|{"success":true,"code":"000000"}  
08:46:27->Владимер|374805322|{"success":true,"code":"000000"}  
08:46:27->俊杰|374807504|{"success":true,"code":"000000"}  
08:46:28->潘多拉and嗨皮哥？|374808490|{"success":true,"code":"000000"}  
08:46:28->chen|374805975|{"success":true,"code":"000000"}  
08:46:29->永恒蓝黑|372235437|{"success":true,"code":"000000"}  
08:46:29->Tan Jianqin|373404931|{"success":true,"code":"000000"}  
08:46:30->YY？？|372234437|{"success":true,"code":"000000"}  
08:46:30->凯伦杨小姐|374711045|{"success":true,"code":"000000"}  
08:46:31->   |373310020|{"success":true,"code":"000000"}  
08:46:31->寳寳|374667450|{"success":true,"code":"000000"}  
08:46:31->轩？？|374667131|{"success":true,"code":"000000"}  
08:46:32->Paul|373308316|{"success":true,"code":"000000"}  
08:46:32->二次元.？？？？？？？|374622860|{"success":true,"code":"000000"}  
08:46:33->Shaun Suen|374619995|{"success":true,"code":"000000"}  
08:46:33->YS|373266273|{"success":true,"code":"000000"}  
08:46:34->李华|373263720|{"success":true,"code":"000000"}  
08:46:34->公主殿下|373216643|{"success":true,"code":"000000"}  
08:46:35->阿贵|373217181|{"success":true,"code":"000000"}  
08:46:35->Simon|372049642|{"success":true,"code":"000000"}  
08:46:35->沐含|374529948|{"success":true,"code":"000000"}  
08:46:36->高梦珂|374528157|{"success":true,"code":"000000"}  
08:46:36->春暖花开|374528731|{"success":true,"code":"000000"}  
08:46:37->fafa|374528837|{"success":true,"code":"000000"}  
08:46:37->小乔|373171975|{"success":true,"code":"000000"}  
08:46:38->？王？小？仙？？|373125827|{"success":true,"code":"000000"}  
08:46:38->野人|373126111|{"success":true,"code":"000000"}  
08:46:39->苏航|374481707|{"success":true,"code":"000000"}  
08:46:39->小小|374481836|{"success":true,"code":"000000"}  
08:46:39->胡胡|374431232|{"success":true,"code":"000000"}  
08:46:40->王迁|373079418|{"success":true,"code":"000000"}  
08:46:40->佟佟|374388658|{"success":true,"code":"000000"}  
08:46:41->大禹|373030787|{"success":true,"code":"000000"}  
08:46:41->Caesar|373031440|{"success":true,"code":"000000"}  
08:46:42->见风|372187344|{"success":true,"code":"000000"}  
08:46:42->牛魔王|372187561|{"success":true,"code":"000000"}  
08:46:43->晋锋|372983088|{"success":true,"code":"000000"}  
08:46:43->bigboss-juan|374342179|{"success":true,"code":"000000"}  
08:46:44->伟吴|374293479|{"success":true,"code":"000000"}  
08:46:44->DING|374296288|{"success":true,"code":"000000"}  
08:46:44->刘扬小号|374295815|{"success":true,"code":"000000"}  
08:46:45->天晓得|372937955|{"success":true,"code":"000000"}  
08:46:45->远方|372935001|{"success":true,"code":"000000"}  
08:46:46->中校|372937569|{"success":true,"code":"000000"}  
08:46:46->王艺|372938271|{"success":true,"code":"000000"}  
08:46:47->小开心|372887998|{"success":true,"code":"000000"}  
08:46:47->一夜扁舟行|372891683|{"success":true,"code":"000000"}  
08:46:48->栖云里|372891710|{"success":true,"code":"000000"}  
08:46:48->佑贞|374248045|{"success":true,"code":"000000"}  
08:46:48->肖瑶|374200672|{"success":true,"code":"000000"}  
08:46:49->高振婷|374198045|{"success":true,"code":"000000"}  
08:46:49->胖木头爸爸|372844040|{"success":true,"code":"000000"}  
08:46:50->Kevin|372844644|{"success":true,"code":"000000"}  
08:46:50->骏小狼|372797687|{"success":true,"code":"000000"}  
08:46:50->曹巍|372797371|{"success":true,"code":"000000"}  
08:46:51->璐璐|372794252|{"success":true,"code":"000000"}  
08:46:51->wit|374150958|{"success":true,"code":"000000"}  
08:46:52->尹小猫|374154169|{"success":true,"code":"000000"}  
08:46:52->Forever|374153685|{"success":true,"code":"000000"}  
08:46:53->DD.W|374105731|{"success":true,"code":"000000"}  
08:46:53->oo|374106792|{"success":true,"code":"000000"}  
08:46:53->Aimee|374105062|{"success":true,"code":"000000"}  
08:46:54->change everyday|374991150|{"success":true,"code":"000000"}  
08:46:54->汤巍|374061277|{"success":true,"code":"000000"}  
08:46:55->文峰|372703320|{"success":true,"code":"000000"}  
08:46:55->磊|374060726|{"success":true,"code":"000000"}  
08:46:55->吴海涛|374058864|{"success":true,"code":"000000"}  
08:46:56->Su|374059906|{"success":true,"code":"000000"}  
08:46:56->刘凯恒|372656522|{"success":true,"code":"000000"}  
08:46:57->周潘旺|372657136|{"success":true,"code":"000000"}  
08:46:57->魔法先生|372657152|{"success":true,"code":"000000"}  
08:46:58->阮丞|372657178|{"success":true,"code":"000000"}  
08:46:58->浅蓝|372656714|{"success":true,"code":"000000"}  
08:46:59->蝈蝈|374012993|{"success":true,"code":"000000"}  
08:46:59->收藏阳光|374012100|{"success":true,"code":"000000"}  
08:46:59->紫彤|372654914|{"success":true,"code":"000000"}  
08:47:00->SunnyCheung|373966746|{"success":true,"code":"000000"}  
08:47:00->鸿哥|372610398|{"success":true,"code":"000000"}  
08:47:01->A雪莲旅游13855523468|372565849|{"success":true,"code":"000000"}  
08:47:01->mwy|372565994|{"success":true,"code":"000000"}  
08:47:01->耿耿|373873015|{"success":true,"code":"000000"}  
08:47:02->guan|373872823|{"success":true,"code":"000000"}  
08:47:02->哦麦糕的|373872192|{"success":true,"code":"000000"}  
08:47:03->张越|372519329|{"success":true,"code":"000000"}  
08:47:03->黄诚|372517806|{"success":true,"code":"000000"}  
08:47:04->？？草莓蘇|372517840|{"success":true,"code":"000000"}  
08:47:04->洗钵小僧|372470388|{"success":true,"code":"000000"}  
08:47:04->王翔宇|372471445|{"success":true,"code":"000000"}  
08:47:05->熊英|372471511|{"success":true,"code":"000000"}  
08:47:05->阿银|372470699|{"success":true,"code":"000000"}  
08:47:06->张跳|373826375|{"success":true,"code":"000000"}  
08:47:06->陆潇彧|373778114|{"success":true,"code":"000000"}  
08:47:07->稻草猪|373774793|{"success":true,"code":"000000"}  
08:47:07->dlm318|372422296|{"success":true,"code":"000000"}  
08:47:08->飞飞哥|372424430|{"success":true,"code":"000000"}  
08:47:08->日荣|373730570|{"success":true,"code":"000000"}  
08:47:09->李燕芳|372330179|{"success":true,"code":"000000"}  
08:47:09->垂直光年|373684353|{"success":true,"code":"000000"}  
08:47:09->03家|373685969|{"success":true,"code":"000000"}  
08:47:10->？？？？？？？ jun|373686726|{"success":true,"code":"000000"}  
08:47:10->金色田园|373639202|{"success":true,"code":"000000"}  
08:47:11->Sunshine|373636312|{"success":true,"code":"000000"}  
08:47:11->一位不愿透露身份证的武先生|372280626|{"success":true,"code":"000000"}  
08:47:12->安仔？？？|372098001|{"success":true,"code":"000000"}  
08:47:13->胡朝新Charles|372094994|{"success":true,"code":"000000"}  
08:47:13->就这么简单|372095065|{"success":true,"code":"000000"}  
08:47:14->冯慧|373590383|{"success":true,"code":"000000"}  
08:47:14->casor|373543103|{"success":true,"code":"000000"}  
08:47:15->海|374901096|{"success":true,"code":"000000"}  
